<?xml version="1.0" encoding="UTF-8"?>
<!-- Generated by org.testng.reporters.JUnitReportReporter -->
<testsuite hostname="DESKTOP-IHJP9RL" failures="0" tests="3" name="testCase.TC002_Login_Test" time="15.936" errors="0" timestamp="2024-10-05T23:26:51 IST" skipped="0">
  <testcase classname="testCase.TC002_Login_Test" name="verify_login" time="8.628"/>
  <testcase classname="testCase.TC002_Login_Test" name="verify_login" time="4.178"/>
  <testcase classname="testCase.TC002_Login_Test" name="verify_login" time="3.130"/>
</testsuite> <!-- testCase.TC002_Login_Test -->
