<?xml version="1.0" encoding="UTF-8"?>
<!-- Generated by org.testng.reporters.JUnitReportReporter -->
<testsuite hostname="DESKTOP-IHJP9RL" failures="0" tests="3" name="testCase.TC001_Account_Regristration_Test" time="42.191" errors="0" timestamp="2024-10-05T23:26:51 IST" skipped="0">
  <testcase classname="testCase.TC001_Account_Regristration_Test" name="verify_Account_Registration" time="18.024"/>
  <testcase classname="testCase.TC001_Account_Regristration_Test" name="verify_Account_Registration" time="4.643"/>
  <testcase classname="testCase.TC001_Account_Regristration_Test" name="verify_Account_Registration" time="19.524"/>
</testsuite> <!-- testCase.TC001_Account_Regristration_Test -->
